2024-09-17 08:37:20,431 INFO Set uid to user 0 succeeded
2024-09-17 08:37:20,474 INFO supervisord started with pid 1
2024-09-17 08:37:21,476 INFO spawned: 'nginx' with pid 7
2024-09-17 08:37:21,478 INFO spawned: 'php-fpm' with pid 8
2024-09-17 08:37:22,499 INFO success: nginx entered RUNNING state, process has stayed up for > than 1 seconds (startsecs)
2024-09-17 08:37:22,499 INFO success: php-fpm entered RUNNING state, process has stayed up for > than 1 seconds (startsecs)
2024-09-17 08:44:29,015 WARN received SIGTERM indicating exit request
2024-09-17 08:44:29,017 INFO waiting for nginx, php-fpm to die
2024-09-17 08:44:30,020 INFO stopped: php-fpm (exit status 0)
2024-09-17 08:44:30,150 INFO stopped: nginx (exit status 0)
2024-09-17 08:46:13,799 INFO Set uid to user 0 succeeded
2024-09-17 08:46:13,802 INFO supervisord started with pid 1
2024-09-17 08:46:14,804 INFO spawned: 'nginx' with pid 7
2024-09-17 08:46:14,806 INFO spawned: 'php-fpm' with pid 8
2024-09-17 08:46:15,827 INFO success: nginx entered RUNNING state, process has stayed up for > than 1 seconds (startsecs)
2024-09-17 08:46:15,827 INFO success: php-fpm entered RUNNING state, process has stayed up for > than 1 seconds (startsecs)
2024-09-17 08:48:55,020 WARN received SIGTERM indicating exit request
2024-09-17 08:48:55,021 INFO waiting for nginx, php-fpm to die
2024-09-17 08:48:56,023 INFO stopped: php-fpm (exit status 0)
2024-09-17 08:48:56,167 INFO stopped: nginx (exit status 0)
